TN:
SF:src/domain/entity/user.entity.ts
FN:12,<instance_members_initializer>
FN:20,UserEntity
FN:29,get getUserEntity
FN:40,set setToken
FNF:4
FNH:4
FNDA:4,<instance_members_initializer>
FNDA:4,UserEntity
FNDA:6,get getUserEntity
FNDA:1,set setToken
DA:1,1
DA:2,1
DA:3,1
DA:4,1
DA:5,1
DA:6,1
DA:7,1
DA:8,1
DA:9,1
DA:10,1
DA:11,1
DA:12,4
DA:13,4
DA:14,4
DA:15,4
DA:16,4
DA:17,4
DA:18,4
DA:19,4
DA:20,4
DA:21,4
DA:22,4
DA:23,4
DA:24,4
DA:25,4
DA:26,4
DA:27,4
DA:28,4
DA:29,4
DA:30,6
DA:31,6
DA:32,6
DA:33,6
DA:34,6
DA:35,6
DA:36,6
DA:37,6
DA:38,6
DA:39,4
DA:40,4
DA:41,1
DA:42,1
DA:43,4
LF:43
LH:43
BRDA:12,0,0,4
BRDA:20,1,0,4
BRDA:21,2,0,1
BRDA:29,3,0,6
BRDA:40,4,0,1
BRF:5
BRH:5
end_of_record
